CBMC version 5.74.0 (cbmc-5.74.0) 64-bit x86_64 linux
Parsing threads.c
Converting
Type-checking threads
Generating GOTO Program
Adding CPROVER library (x86_64)
Removal of function pointers and virtual functions
file <builtin-library-__spawned_thread> line 41 function __spawned_thread: replacing function pointer by 1 possible targets
Generic Property Instrumentation
Running with 8 object bits, 56 offset bits (default)
Starting Bounded Model Checking
aborting path on assume(false) at file <builtin-library-exit> line 7 function exit thread 0
Runtime Symex: 0.00105601s
Adding SC constraints
Shared g: 1R/3W
Shared __CPROVER_threads_exited: 1R/2W
size of program expression: 121 steps
no slicing due to threads
Generated 1 VCC(s), 1 remaining after simplification
Runtime Postprocess Equation: 0.000236554s
Passing problem to propositional reduction
converting SSA
Runtime Convert SSA: 0.000445449s
Running propositional reduction
Post-processing
Runtime Post-process: 4.2045e-05s
Solving with MiniSAT 2.2.1 with simplifier
677 variables, 861 clauses
SAT checker: instance is SATISFIABLE
Runtime Solver: 0.000599729s
Runtime decision procedure: 0.00107933s

** Results:
<builtin-library-__spawned_thread> function __spawned_thread
[__spawned_thread.pointer_dereference.1] line 41 dereferenced function pointer must be thread: SUCCESS

threads.c function main
[main.assertion.1] line 22 assertion g==1: FAILURE

** 1 of 2 failed (2 iterations)
VERIFICATION FAILED
