CBMC version 5.74.0 (cbmc-5.74.0) 64-bit x86_64 linux
Parsing loop_unwinding.c
Converting
Type-checking loop_unwinding
Generating GOTO Program
Adding CPROVER library (x86_64)
Removal of function pointers and virtual functions
Generic Property Instrumentation
Running with 8 object bits, 56 offset bits (default)
Starting Bounded Model Checking
Unwinding loop __isoc99_vfscanf.0 iteration 1 file <builtin-library-__isoc99_vfscanf> line 32 function __isoc99_vfscanf thread 0
Unwinding loop main.0 iteration 1 file loop_unwinding.c line 14 function main thread 0
Unwinding loop main.0 iteration 2 file loop_unwinding.c line 14 function main thread 0
Unwinding loop main.0 iteration 3 file loop_unwinding.c line 14 function main thread 0
Unwinding loop main.0 iteration 4 file loop_unwinding.c line 14 function main thread 0
Unwinding loop main.0 iteration 5 file loop_unwinding.c line 14 function main thread 0
Unwinding loop main.0 iteration 6 file loop_unwinding.c line 14 function main thread 0
Unwinding loop main.0 iteration 7 file loop_unwinding.c line 14 function main thread 0
Unwinding loop main.0 iteration 8 file loop_unwinding.c line 14 function main thread 0
Unwinding loop main.0 iteration 9 file loop_unwinding.c line 14 function main thread 0
Unwinding loop main.0 iteration 10 file loop_unwinding.c line 14 function main thread 0
Not unwinding loop main.0 iteration 11 file loop_unwinding.c line 14 function main thread 0
Runtime Symex: 0.00703711s
size of program expression: 132 steps
simple slicing removed 19 assignments
Generated 1 VCC(s), 1 remaining after simplification
Runtime Postprocess Equation: 2.4934e-05s
Passing problem to propositional reduction
converting SSA
Runtime Convert SSA: 0.00199084s
Running propositional reduction
Post-processing
Runtime Post-process: 6.704e-06s
Solving with MiniSAT 2.2.1 with simplifier
1871 variables, 1211 clauses
SAT checker: instance is SATISFIABLE
Runtime Solver: 0.00120135s
Runtime decision procedure: 0.00325092s

** Results:
loop_unwinding.c function main
[main.array_bounds.1] line 17 array 'buffer' upper bound in buffer[(signed long int)20]: FAILURE

** 1 of 1 failed (2 iterations)
VERIFICATION FAILED
